This is LuaTeX, Version 0.95.0 (MiKTeX 2.9)  (format=lualatex 2017.4.30)  28 MAY 2017 16:37
 restricted system commands enabled.
**Question1.tex
(./Question1.tex
LaTeX2e <2016/03/31> patch level 3
Babel <3.9r> and hyphenation patterns for 1 language(s) loaded.

! LaTeX Error: Missing \begin{document}.

See the LaTeX manual or LaTeX Companion for explanation.
Type  H <return>  for immediate help.
 ...                                              
                                                  
l.22 \begin{enumerate}
                    
You're in trouble here.  Try typing  <return>  to proceed.
If that doesn't work, type  X <return>  to quit.


Overfull \hbox (20.0pt too wide) in paragraph at lines 22--22
[] 
 []


! LaTeX Error: Environment align* undefined.

See the LaTeX manual or LaTeX Companion for explanation.
Type  H <return>  for immediate help.
 ...                                              
                                                  
l.30 	\begin{align*}
                  
Your command was ignored.
Type  I <command> <return>  to replace it with another command,
or  <return>  to continue without it.

! Misplaced alignment tab character &.
l.31 	&
     \Sigma V_{drops} = 0
I can't figure out why you would want to use a tab mark
here. If you just want an ampersand, the remedy is
simple: Just type `I\&' now. But if some right brace
up above has ended a previous alignment prematurely,
you're probably due for more error messages, and you
might try typing `S' now just to see what is salvageable.

! Missing $ inserted.
<inserted text> 
$
l.31 	&\Sigma V_
              {drops} = 0
I've inserted a begin-math/end-math symbol since I think
you left one out. Proceed, with fingers crossed.

LaTeX Font Info:    External font `cmex10' loaded for size
(Font)              <7> on input line 31.
LaTeX Font Info:    External font `cmex10' loaded for size
(Font)              <5> on input line 31.
! Undefined control sequence.
<recently read> \implies 
         
l.33 	\implies
             & V_i + I_i R_i =0
The control sequence at the end of the top line
of your error message was never \def'ed. If you have
misspelled it (e.g., `\hobx'), type `I' and the correct
spelling (e.g., `I\hbox'). Otherwise just continue,
and I'll forget about whatever was undefined.

! Misplaced alignment tab character &.
l.33 	\implies &
               V_i + I_i R_i =0
I can't figure out why you would want to use a tab mark
here. If you just want an ampersand, the remedy is
simple: Just type `I\&' now. But if some right brace
up above has ended a previous alignment prematurely,
you're probably due for more error messages, and you
might try typing `S' now just to see what is salvageable.

! Undefined control sequence.
<recently read> \implies 
         
l.35 	\implies
             & V_i = I_i R_i
The control sequence at the end of the top line
of your error message was never \def'ed. If you have
misspelled it (e.g., `\hobx'), type `I' and the correct
spelling (e.g., `I\hbox'). Otherwise just continue,
and I'll forget about whatever was undefined.

! Misplaced alignment tab character &.
l.35 	\implies &
               V_i = I_i R_i
I can't figure out why you would want to use a tab mark
here. If you just want an ampersand, the remedy is
simple: Just type `I\&' now. But if some right brace
up above has ended a previous alignment prematurely,
you're probably due for more error messages, and you
might try typing `S' now just to see what is salvageable.


! LaTeX Error: \begin{enumerate} on input line 22 ended by \end{align*}.

See the LaTeX manual or LaTeX Companion for explanation.
Type  H <return>  for immediate help.
 ...                                              
                                                  
l.36 	\end{align*}
                
Your command was ignored.
Type  I <command> <return>  to replace it with another command,
or  <return>  to continue without it.

! Missing $ inserted.
<inserted text> 
$
l.36 	\end{align*}
                
I've inserted something that you may have forgotten.
(See the <inserted text> above.)
With luck, this will get me unwedged. But if you
really didn't forget anything, try typing `2' now; then
my insertion and my current dilemma will both disappear.


Overfull \hbox (30.99052pt too wide) in paragraph at lines 29--37
V$[][] \OT1/cmr/m/n/10 =
 []


Overfull \hbox (5.00002pt too wide) in paragraph at lines 29--37
\OT1/cmr/m/n/10 0[] 
 []


Overfull \hbox (16.94041pt too wide) in paragraph at lines 29--37
\OML/cmm/m/it/10 V[] \OT1/cmr/m/n/10 +
 []


Overfull \hbox (29.20282pt too wide) in paragraph at lines 29--37
\OML/cmm/m/it/10 I[]R[] \OT1/cmr/m/n/10 =
 []


Overfull \hbox (5.00002pt too wide) in paragraph at lines 29--37
\OT1/cmr/m/n/10 0[] 
 []


Overfull \hbox (19.71812pt too wide) in paragraph at lines 29--37
\OML/cmm/m/it/10 V[] \OT1/cmr/m/n/10 =
 []


Overfull \hbox (18.64731pt too wide) in paragraph at lines 29--37
\OML/cmm/m/it/10 I[]R[]$ 
 []


! LaTeX Error: Environment align* undefined.

See the LaTeX manual or LaTeX Companion for explanation.
Type  H <return>  for immediate help.
 ...                                              
                                                  
l.39 	\begin{align*}
                  
Your command was ignored.
Type  I <command> <return>  to replace it with another command,
or  <return>  to continue without it.

! Misplaced alignment tab character &.
l.40 	&
     \Sigma V_{drops} = 0
I can't figure out why you would want to use a tab mark
here. If you just want an ampersand, the remedy is
simple: Just type `I\&' now. But if some right brace
up above has ended a previous alignment prematurely,
you're probably due for more error messages, and you
might try typing `S' now just to see what is salvageable.

! Missing $ inserted.
<inserted text> 
$
l.40 	&\Sigma V_
              {drops} = 0
I've inserted a begin-math/end-math symbol since I think
you left one out. Proceed, with fingers crossed.

! Undefined control sequence.
<recently read> \implies 
         
l.42 	\implies
             & -V_o + I_o R_o + A_{voc}V_i = 0
The control sequence at the end of the top line
of your error message was never \def'ed. If you have
misspelled it (e.g., `\hobx'), type `I' and the correct
spelling (e.g., `I\hbox'). Otherwise just continue,
and I'll forget about whatever was undefined.

! Misplaced alignment tab character &.
l.42 	\implies &
               -V_o + I_o R_o + A_{voc}V_i = 0
I can't figure out why you would want to use a tab mark
here. If you just want an ampersand, the remedy is
simple: Just type `I\&' now. But if some right brace
up above has ended a previous alignment prematurely,
you're probably due for more error messages, and you
might try typing `S' now just to see what is salvageable.

! Undefined control sequence.
<recently read> \implies 
         
l.44 	\implies
             & -V_o + I_o R_o + A_{voc}I_i R_i = 0
The control sequence at the end of the top line
of your error message was never \def'ed. If you have
misspelled it (e.g., `\hobx'), type `I' and the correct
spelling (e.g., `I\hbox'). Otherwise just continue,
and I'll forget about whatever was undefined.

! Misplaced alignment tab character &.
l.44 	\implies &
               -V_o + I_o R_o + A_{voc}I_i R_i = 0
I can't figure out why you would want to use a tab mark
here. If you just want an ampersand, the remedy is
simple: Just type `I\&' now. But if some right brace
up above has ended a previous alignment prematurely,
you're probably due for more error messages, and you
might try typing `S' now just to see what is salvageable.

! Undefined control sequence.
<recently read> \implies 
         
l.46 	\implies
             & I_i = \frac{V_o - I_o R_o}{A_{voc}R_i}
The control sequence at the end of the top line
of your error message was never \def'ed. If you have
misspelled it (e.g., `\hobx'), type `I' and the correct
spelling (e.g., `I\hbox'). Otherwise just continue,
and I'll forget about whatever was undefined.

! Misplaced alignment tab character &.
l.46 	\implies &
               I_i = \frac{V_o - I_o R_o}{A_{voc}R_i}
I can't figure out why you would want to use a tab mark
here. If you just want an ampersand, the remedy is
simple: Just type `I\&' now. But if some right brace
up above has ended a previous alignment prematurely,
you're probably due for more error messages, and you
might try typing `S' now just to see what is salvageable.

! Undefined control sequence.
<recently read> \implies 
         
l.48 	\implies
             & V_i = \frac{V_o - I_o R_o}{A_{voc}}
The control sequence at the end of the top line
of your error message was never \def'ed. If you have
misspelled it (e.g., `\hobx'), type `I' and the correct
spelling (e.g., `I\hbox'). Otherwise just continue,
and I'll forget about whatever was undefined.

! Misplaced alignment tab character &.
l.48 	\implies &
               V_i = \frac{V_o - I_o R_o}{A_{voc}}
I can't figure out why you would want to use a tab mark
here. If you just want an ampersand, the remedy is
simple: Just type `I\&' now. But if some right brace
up above has ended a previous alignment prematurely,
you're probably due for more error messages, and you
might try typing `S' now just to see what is salvageable.


! LaTeX Error: \begin{enumerate} on input line 22 ended by \end{align*}.

See the LaTeX manual or LaTeX Companion for explanation.
Type  H <return>  for immediate help.
 ...                                              
                                                  
l.49 	\end{align*}
                
Your command was ignored.
Type  I <command> <return>  to replace it with another command,
or  <return>  to continue without it.

! Missing $ inserted.
<inserted text> 
$
l.49 	\end{align*}
                
I've inserted something that you may have forgotten.
(See the <inserted text> above.)
With luck, this will get me unwedged. But if you
really didn't forget anything, try typing `2' now; then
my insertion and my current dilemma will both disappear.


Overfull \hbox (38.21275pt too wide) in paragraph at lines 38--50
\OT1/cmr/m/n/10 \nullfont V$[][] \OT1/cmr/m/n/10 =
 []


Overfull \hbox (5.00002pt too wide) in paragraph at lines 38--50
\OT1/cmr/m/n/10 0[] 
 []


Overfull \hbox (7.7778pt too wide) in paragraph at lines 38--50
\OMS/cmsy/m/n/10  
 []


Overfull \hbox (18.05835pt too wide) in paragraph at lines 38--50
\OML/cmm/m/it/10 V[] \OT1/cmr/m/n/10 +
 []


Overfull \hbox (28.66098pt too wide) in paragraph at lines 38--50
\OML/cmm/m/it/10 I[]R[] \OT1/cmr/m/n/10 +
 []


Overfull \hbox (39.4903pt too wide) in paragraph at lines 38--50
\OML/cmm/m/it/10 A[]V[] \OT1/cmr/m/n/10 =
 []


Overfull \hbox (5.00002pt too wide) in paragraph at lines 38--50
\OT1/cmr/m/n/10 0[] 
 []


Overfull \hbox (7.7778pt too wide) in paragraph at lines 38--50
\OMS/cmsy/m/n/10  
 []


Overfull \hbox (18.05835pt too wide) in paragraph at lines 38--50
\OML/cmm/m/it/10 V[] \OT1/cmr/m/n/10 +
 []


Overfull \hbox (28.66098pt too wide) in paragraph at lines 38--50
\OML/cmm/m/it/10 I[]R[] \OT1/cmr/m/n/10 +
 []


Overfull \hbox (48.97499pt too wide) in paragraph at lines 38--50
\OML/cmm/m/it/10 A[]I[]R[] \OT1/cmr/m/n/10 =
 []


Overfull \hbox (5.00002pt too wide) in paragraph at lines 38--50
\OT1/cmr/m/n/10 0[] 
 []


Overfull \hbox (18.28064pt too wide) in paragraph at lines 38--50
\OML/cmm/m/it/10 I[] \OT1/cmr/m/n/10 =
 []


Overfull \hbox (34.98238pt too wide) in paragraph at lines 38--50
[][] 
 []


Overfull \hbox (19.71812pt too wide) in paragraph at lines 38--50
\OML/cmm/m/it/10 V[] \OT1/cmr/m/n/10 =
 []


Overfull \hbox (34.98238pt too wide) in paragraph at lines 38--50
[]$ 
 []


Overfull \hbox (5.28589pt too wide) in paragraph at lines 51--53
\OML/cmm/m/it/10 a$
 []

! Misplaced alignment tab character &.
l.57 	a_{11} &
             -a_{12} \\
I can't figure out why you would want to use a tab mark
here. If you just want an ampersand, the remedy is
simple: Just type `I\&' now. But if some right brace
up above has ended a previous alignment prematurely,
you're probably due for more error messages, and you
might try typing `S' now just to see what is salvageable.

! Misplaced alignment tab character &.
l.58 	a_{21} &
             -a_{22}
I can't figure out why you would want to use a tab mark
here. If you just want an ampersand, the remedy is
simple: Just type `I\&' now. But if some right brace
up above has ended a previous alignment prematurely,
you're probably due for more error messages, and you
might try typing `S' now just to see what is salvageable.


Overfull \hbox (161.599pt too wide) detected at line 62
[] \OT1/cmr/m/n/10 = [] []
 []

! Missing } inserted.
<inserted text> 
}
l.68 	\frac
         {1}{A_{voc}} 		& -\frac{R_o}{A_{voc}} \\[6pt]
I've put in what seems to be necessary to fix
the current column of the current alignment.
Try to go on, since this might almost work.

! Extra }, or forgotten \endgroup.
<inserted text> }
 
l.68 	\frac
         {1}{A_{voc}} 		& -\frac{R_o}{A_{voc}} \\[6pt]
I've deleted a group-closing symbol because it seems to be
spurious, as in `$x}$'. But perhaps the } is legitimate and
you forgot something else, as in `\hbox{$x}'. In such cases
the way to recover is to insert both the forgotten and the
deleted material, e.g., by typing `I$}'.

! Missing } inserted.
<inserted text> 
}
l.68 	\frac
         {1}{A_{voc}} 		& -\frac{R_o}{A_{voc}} \\[6pt]
I've put in what seems to be necessary to fix
the current column of the current alignment.
Try to go on, since this might almost work.

! Extra }, or forgotten \endgroup.
<inserted text> }
 
l.68 	\frac
         {1}{A_{voc}} 		& -\frac{R_o}{A_{voc}} \\[6pt]
I've deleted a group-closing symbol because it seems to be
spurious, as in `$x}$'. But perhaps the } is legitimate and
you forgot something else, as in `\hbox{$x}'. In such cases
the way to recover is to insert both the forgotten and the
deleted material, e.g., by typing `I$}'.

! Missing } inserted.
<inserted text> 
}
l.68 	\frac
         {1}{A_{voc}} 		& -\frac{R_o}{A_{voc}} \\[6pt]
I've put in what seems to be necessary to fix
the current column of the current alignment.
Try to go on, since this might almost work.

! Extra }, or forgotten \endgroup.
<inserted text> }
 
l.68 	\frac
         {1}{A_{voc}} 		& -\frac{R_o}{A_{voc}} \\[6pt]
I've deleted a group-closing symbol because it seems to be
spurious, as in `$x}$'. But perhaps the } is legitimate and
you forgot something else, as in `\hbox{$x}'. In such cases
the way to recover is to insert both the forgotten and the
deleted material, e.g., by typing `I$}'.

! Missing } inserted.
<inserted text> 
}
l.68 	\frac
         {1}{A_{voc}} 		& -\frac{R_o}{A_{voc}} \\[6pt]
I've put in what seems to be necessary to fix
the current column of the current alignment.
Try to go on, since this might almost work.

! Extra }, or forgotten \endgroup.
<inserted text> }
 
l.68 	\frac
         {1}{A_{voc}} 		& -\frac{R_o}{A_{voc}} \\[6pt]
I've deleted a group-closing symbol because it seems to be
spurious, as in `$x}$'. But perhaps the } is legitimate and
you forgot something else, as in `\hbox{$x}'. In such cases
the way to recover is to insert both the forgotten and the
deleted material, e.g., by typing `I$}'.

! Missing } inserted.
<inserted text> 
}
l.68 	\frac
         {1}{A_{voc}} 		& -\frac{R_o}{A_{voc}} \\[6pt]
I've put in what seems to be necessary to fix
the current column of the current alignment.
Try to go on, since this might almost work.

! Extra }, or forgotten \endgroup.
<inserted text> }
 
l.68 	\frac
         {1}{A_{voc}} 		& -\frac{R_o}{A_{voc}} \\[6pt]
I've deleted a group-closing symbol because it seems to be
spurious, as in `$x}$'. But perhaps the } is legitimate and
you forgot something else, as in `\hbox{$x}'. In such cases
the way to recover is to insert both the forgotten and the
deleted material, e.g., by typing `I$}'.

! Missing } inserted.
<inserted text> 
}
l.68 	\frac
         {1}{A_{voc}} 		& -\frac{R_o}{A_{voc}} \\[6pt]
I've put in what seems to be necessary to fix
the current column of the current alignment.
Try to go on, since this might almost work.

! Extra }, or forgotten \endgroup.
<inserted text> }
 
l.68 	\frac
         {1}{A_{voc}} 		& -\frac{R_o}{A_{voc}} \\[6pt]
I've deleted a group-closing symbol because it seems to be
spurious, as in `$x}$'. But perhaps the } is legitimate and
you forgot something else, as in `\hbox{$x}'. In such cases
the way to recover is to insert both the forgotten and the
deleted material, e.g., by typing `I$}'.

! Missing } inserted.
<inserted text> 
}
l.68 	\frac
         {1}{A_{voc}} 		& -\frac{R_o}{A_{voc}} \\[6pt]
I've put in what seems to be necessary to fix
the current column of the current alignment.
Try to go on, since this might almost work.

! Extra }, or forgotten \endgroup.
<inserted text> }
 
l.68 	\frac
         {1}{A_{voc}} 		& -\frac{R_o}{A_{voc}} \\[6pt]
I've deleted a group-closing symbol because it seems to be
spurious, as in `$x}$'. But perhaps the } is legitimate and
you forgot something else, as in `\hbox{$x}'. In such cases
the way to recover is to insert both the forgotten and the
deleted material, e.g., by typing `I$}'.

! Missing } inserted.
<inserted text> 
}
l.68 	\frac
         {1}{A_{voc}} 		& -\frac{R_o}{A_{voc}} \\[6pt]
I've put in what seems to be necessary to fix
the current column of the current alignment.
Try to go on, since this might almost work.

! Extra }, or forgotten \endgroup.
<inserted text> }
 
l.68 	\frac
         {1}{A_{voc}} 		& -\frac{R_o}{A_{voc}} \\[6pt]
I've deleted a group-closing symbol because it seems to be
spurious, as in `$x}$'. But perhaps the } is legitimate and
you forgot something else, as in `\hbox{$x}'. In such cases
the way to recover is to insert both the forgotten and the
deleted material, e.g., by typing `I$}'.

! Missing } inserted.
<inserted text> 
}
l.68 	\frac
         {1}{A_{voc}} 		& -\frac{R_o}{A_{voc}} \\[6pt]
I've put in what seems to be necessary to fix
the current column of the current alignment.
Try to go on, since this might almost work.

! Extra }, or forgotten \endgroup.
<inserted text> }
 
l.68 	\frac
         {1}{A_{voc}} 		& -\frac{R_o}{A_{voc}} \\[6pt]
I've deleted a group-closing symbol because it seems to be
spurious, as in `$x}$'. But perhaps the } is legitimate and
you forgot something else, as in `\hbox{$x}'. In such cases
the way to recover is to insert both the forgotten and the
deleted material, e.g., by typing `I$}'.

! Missing } inserted.
<inserted text> 
}
l.68 	\frac
         {1}{A_{voc}} 		& -\frac{R_o}{A_{voc}} \\[6pt]
I've put in what seems to be necessary to fix
the current column of the current alignment.
Try to go on, since this might almost work.

! Extra }, or forgotten \endgroup.
<inserted text> }
 
l.68 	\frac
         {1}{A_{voc}} 		& -\frac{R_o}{A_{voc}} \\[6pt]
I've deleted a group-closing symbol because it seems to be
spurious, as in `$x}$'. But perhaps the } is legitimate and
you forgot something else, as in `\hbox{$x}'. In such cases
the way to recover is to insert both the forgotten and the
deleted material, e.g., by typing `I$}'.

! Missing } inserted.
<inserted text> 
}
l.68 	\frac
         {1}{A_{voc}} 		& -\frac{R_o}{A_{voc}} \\[6pt]
I've put in what seems to be necessary to fix
the current column of the current alignment.
Try to go on, since this might almost work.

! Extra }, or forgotten \endgroup.
<inserted text> }
 
l.68 	\frac
         {1}{A_{voc}} 		& -\frac{R_o}{A_{voc}} \\[6pt]
I've deleted a group-closing symbol because it seems to be
spurious, as in `$x}$'. But perhaps the } is legitimate and
you forgot something else, as in `\hbox{$x}'. In such cases
the way to recover is to insert both the forgotten and the
deleted material, e.g., by typing `I$}'.

! Missing } inserted.
<inserted text> 
}
l.68 	\frac
         {1}{A_{voc}} 		& -\frac{R_o}{A_{voc}} \\[6pt]
I've put in what seems to be necessary to fix
the current column of the current alignment.
Try to go on, since this might almost work.

! Extra }, or forgotten \endgroup.
<inserted text> }
 
l.68 	\frac
         {1}{A_{voc}} 		& -\frac{R_o}{A_{voc}} \\[6pt]
I've deleted a group-closing symbol because it seems to be
spurious, as in `$x}$'. But perhaps the } is legitimate and
you forgot something else, as in `\hbox{$x}'. In such cases
the way to recover is to insert both the forgotten and the
deleted material, e.g., by typing `I$}'.

! Missing } inserted.
<inserted text> 
}
l.68 	\frac
         {1}{A_{voc}} 		& -\frac{R_o}{A_{voc}} \\[6pt]
I've put in what seems to be necessary to fix
the current column of the current alignment.
Try to go on, since this might almost work.

! Extra }, or forgotten \endgroup.
<inserted text> }
 
l.68 	\frac
         {1}{A_{voc}} 		& -\frac{R_o}{A_{voc}} \\[6pt]
I've deleted a group-closing symbol because it seems to be
spurious, as in `$x}$'. But perhaps the } is legitimate and
you forgot something else, as in `\hbox{$x}'. In such cases
the way to recover is to insert both the forgotten and the
deleted material, e.g., by typing `I$}'.

! Missing } inserted.
<inserted text> 
}
l.68 	\frac
         {1}{A_{voc}} 		& -\frac{R_o}{A_{voc}} \\[6pt]
I've put in what seems to be necessary to fix
the current column of the current alignment.
Try to go on, since this might almost work.

! Extra }, or forgotten \endgroup.
<inserted text> }
 
l.68 	\frac
         {1}{A_{voc}} 		& -\frac{R_o}{A_{voc}} \\[6pt]
I've deleted a group-closing symbol because it seems to be
spurious, as in `$x}$'. But perhaps the } is legitimate and
you forgot something else, as in `\hbox{$x}'. In such cases
the way to recover is to insert both the forgotten and the
deleted material, e.g., by typing `I$}'.

! Missing } inserted.
<inserted text> 
}
l.68 	\frac
         {1}{A_{voc}} 		& -\frac{R_o}{A_{voc}} \\[6pt]
I've put in what seems to be necessary to fix
the current column of the current alignment.
Try to go on, since this might almost work.

! Extra }, or forgotten \endgroup.
<inserted text> }
 
l.68 	\frac
         {1}{A_{voc}} 		& -\frac{R_o}{A_{voc}} \\[6pt]
I've deleted a group-closing symbol because it seems to be
spurious, as in `$x}$'. But perhaps the } is legitimate and
you forgot something else, as in `\hbox{$x}'. In such cases
the way to recover is to insert both the forgotten and the
deleted material, e.g., by typing `I$}'.

! Missing } inserted.
<inserted text> 
}
l.68 	\frac
         {1}{A_{voc}} 		& -\frac{R_o}{A_{voc}} \\[6pt]
I've put in what seems to be necessary to fix
the current column of the current alignment.
Try to go on, since this might almost work.

! Extra }, or forgotten \endgroup.
<inserted text> }
 
l.68 	\frac
         {1}{A_{voc}} 		& -\frac{R_o}{A_{voc}} \\[6pt]
I've deleted a group-closing symbol because it seems to be
spurious, as in `$x}$'. But perhaps the } is legitimate and
you forgot something else, as in `\hbox{$x}'. In such cases
the way to recover is to insert both the forgotten and the
deleted material, e.g., by typing `I$}'.

! Missing } inserted.
<inserted text> 
}
l.68 	\frac
         {1}{A_{voc}} 		& -\frac{R_o}{A_{voc}} \\[6pt]
I've put in what seems to be necessary to fix
the current column of the current alignment.
Try to go on, since this might almost work.

! Extra }, or forgotten \endgroup.
<inserted text> }
 
l.68 	\frac
         {1}{A_{voc}} 		& -\frac{R_o}{A_{voc}} \\[6pt]
I've deleted a group-closing symbol because it seems to be
spurious, as in `$x}$'. But perhaps the } is legitimate and
you forgot something else, as in `\hbox{$x}'. In such cases
the way to recover is to insert both the forgotten and the
deleted material, e.g., by typing `I$}'.

! Missing } inserted.
<inserted text> 
}
l.68 	\frac
         {1}{A_{voc}} 		& -\frac{R_o}{A_{voc}} \\[6pt]
I've put in what seems to be necessary to fix
the current column of the current alignment.
Try to go on, since this might almost work.

! Extra }, or forgotten \endgroup.
<inserted text> }
 
l.68 	\frac
         {1}{A_{voc}} 		& -\frac{R_o}{A_{voc}} \\[6pt]
I've deleted a group-closing symbol because it seems to be
spurious, as in `$x}$'. But perhaps the } is legitimate and
you forgot something else, as in `\hbox{$x}'. In such cases
the way to recover is to insert both the forgotten and the
deleted material, e.g., by typing `I$}'.

! Missing } inserted.
<inserted text> 
}
l.68 	\frac
         {1}{A_{voc}} 		& -\frac{R_o}{A_{voc}} \\[6pt]
I've put in what seems to be necessary to fix
the current column of the current alignment.
Try to go on, since this might almost work.

! Extra }, or forgotten \endgroup.
<inserted text> }
 
l.68 	\frac
         {1}{A_{voc}} 		& -\frac{R_o}{A_{voc}} \\[6pt]
I've deleted a group-closing symbol because it seems to be
spurious, as in `$x}$'. But perhaps the } is legitimate and
you forgot something else, as in `\hbox{$x}'. In such cases
the way to recover is to insert both the forgotten and the
deleted material, e.g., by typing `I$}'.

! Missing } inserted.
<inserted text> 
}
l.68 	\frac
         {1}{A_{voc}} 		& -\frac{R_o}{A_{voc}} \\[6pt]
I've put in what seems to be necessary to fix
the current column of the current alignment.
Try to go on, since this might almost work.

! Extra }, or forgotten \endgroup.
<inserted text> }
 
l.68 	\frac
         {1}{A_{voc}} 		& -\frac{R_o}{A_{voc}} \\[6pt]
I've deleted a group-closing symbol because it seems to be
spurious, as in `$x}$'. But perhaps the } is legitimate and
you forgot something else, as in `\hbox{$x}'. In such cases
the way to recover is to insert both the forgotten and the
deleted material, e.g., by typing `I$}'.

! Missing } inserted.
<inserted text> 
}
l.68 	\frac
         {1}{A_{voc}} 		& -\frac{R_o}{A_{voc}} \\[6pt]
I've put in what seems to be necessary to fix
the current column of the current alignment.
Try to go on, since this might almost work.

! Extra }, or forgotten \endgroup.
<inserted text> }
 
l.68 	\frac
         {1}{A_{voc}} 		& -\frac{R_o}{A_{voc}} \\[6pt]
I've deleted a group-closing symbol because it seems to be
spurious, as in `$x}$'. But perhaps the } is legitimate and
you forgot something else, as in `\hbox{$x}'. In such cases
the way to recover is to insert both the forgotten and the
deleted material, e.g., by typing `I$}'.

! Missing } inserted.
<inserted text> 
}
l.68 	\frac
         {1}{A_{voc}} 		& -\frac{R_o}{A_{voc}} \\[6pt]
I've put in what seems to be necessary to fix
the current column of the current alignment.
Try to go on, since this might almost work.

! Extra }, or forgotten \endgroup.
<inserted text> }
 
l.68 	\frac
         {1}{A_{voc}} 		& -\frac{R_o}{A_{voc}} \\[6pt]
I've deleted a group-closing symbol because it seems to be
spurious, as in `$x}$'. But perhaps the } is legitimate and
you forgot something else, as in `\hbox{$x}'. In such cases
the way to recover is to insert both the forgotten and the
deleted material, e.g., by typing `I$}'.

! Missing } inserted.
<inserted text> 
}
l.68 	\frac
         {1}{A_{voc}} 		& -\frac{R_o}{A_{voc}} \\[6pt]
I've put in what seems to be necessary to fix
the current column of the current alignment.
Try to go on, since this might almost work.

! Extra }, or forgotten \endgroup.
<inserted text> }
 
l.68 	\frac
         {1}{A_{voc}} 		& -\frac{R_o}{A_{voc}} \\[6pt]
I've deleted a group-closing symbol because it seems to be
spurious, as in `$x}$'. But perhaps the } is legitimate and
you forgot something else, as in `\hbox{$x}'. In such cases
the way to recover is to insert both the forgotten and the
deleted material, e.g., by typing `I$}'.

! Missing } inserted.
<inserted text> 
}
l.68 	\frac
         {1}{A_{voc}} 		& -\frac{R_o}{A_{voc}} \\[6pt]
I've put in what seems to be necessary to fix
the current column of the current alignment.
Try to go on, since this might almost work.

! Extra }, or forgotten \endgroup.
<inserted text> }
 
l.68 	\frac
         {1}{A_{voc}} 		& -\frac{R_o}{A_{voc}} \\[6pt]
I've deleted a group-closing symbol because it seems to be
spurious, as in `$x}$'. But perhaps the } is legitimate and
you forgot something else, as in `\hbox{$x}'. In such cases
the way to recover is to insert both the forgotten and the
deleted material, e.g., by typing `I$}'.

! Missing } inserted.
<inserted text> 
}
l.68 	\frac
         {1}{A_{voc}} 		& -\frac{R_o}{A_{voc}} \\[6pt]
I've put in what seems to be necessary to fix
the current column of the current alignment.
Try to go on, since this might almost work.

! Extra }, or forgotten \endgroup.
<inserted text> }
 
l.68 	\frac
         {1}{A_{voc}} 		& -\frac{R_o}{A_{voc}} \\[6pt]
I've deleted a group-closing symbol because it seems to be
spurious, as in `$x}$'. But perhaps the } is legitimate and
you forgot something else, as in `\hbox{$x}'. In such cases
the way to recover is to insert both the forgotten and the
deleted material, e.g., by typing `I$}'.

! Missing } inserted.
<inserted text> 
}
l.68 	\frac
         {1}{A_{voc}} 		& -\frac{R_o}{A_{voc}} \\[6pt]
I've put in what seems to be necessary to fix
the current column of the current alignment.
Try to go on, since this might almost work.

! Extra }, or forgotten \endgroup.
<inserted text> }
 
l.68 	\frac
         {1}{A_{voc}} 		& -\frac{R_o}{A_{voc}} \\[6pt]
I've deleted a group-closing symbol because it seems to be
spurious, as in `$x}$'. But perhaps the } is legitimate and
you forgot something else, as in `\hbox{$x}'. In such cases
the way to recover is to insert both the forgotten and the
deleted material, e.g., by typing `I$}'.

! Missing } inserted.
<inserted text> 
}
l.68 	\frac
         {1}{A_{voc}} 		& -\frac{R_o}{A_{voc}} \\[6pt]
I've put in what seems to be necessary to fix
the current column of the current alignment.
Try to go on, since this might almost work.

! Extra }, or forgotten \endgroup.
<inserted text> }
 
l.68 	\frac
         {1}{A_{voc}} 		& -\frac{R_o}{A_{voc}} \\[6pt]
I've deleted a group-closing symbol because it seems to be
spurious, as in `$x}$'. But perhaps the } is legitimate and
you forgot something else, as in `\hbox{$x}'. In such cases
the way to recover is to insert both the forgotten and the
deleted material, e.g., by typing `I$}'.

! Missing } inserted.
<inserted text> 
}
l.68 	\frac
         {1}{A_{voc}} 		& -\frac{R_o}{A_{voc}} \\[6pt]
I've put in what seems to be necessary to fix
the current column of the current alignment.
Try to go on, since this might almost work.

! Extra }, or forgotten \endgroup.
<inserted text> }
 
l.68 	\frac
         {1}{A_{voc}} 		& -\frac{R_o}{A_{voc}} \\[6pt]
I've deleted a group-closing symbol because it seems to be
spurious, as in `$x}$'. But perhaps the } is legitimate and
you forgot something else, as in `\hbox{$x}'. In such cases
the way to recover is to insert both the forgotten and the
deleted material, e.g., by typing `I$}'.

! Missing } inserted.
<inserted text> 
}
l.68 	\frac
         {1}{A_{voc}} 		& -\frac{R_o}{A_{voc}} \\[6pt]
I've put in what seems to be necessary to fix
the current column of the current alignment.
Try to go on, since this might almost work.

! Extra }, or forgotten \endgroup.
<inserted text> }
 
l.68 	\frac
         {1}{A_{voc}} 		& -\frac{R_o}{A_{voc}} \\[6pt]
I've deleted a group-closing symbol because it seems to be
spurious, as in `$x}$'. But perhaps the } is legitimate and
you forgot something else, as in `\hbox{$x}'. In such cases
the way to recover is to insert both the forgotten and the
deleted material, e.g., by typing `I$}'.

! Missing } inserted.
<inserted text> 
}
l.68 	\frac
         {1}{A_{voc}} 		& -\frac{R_o}{A_{voc}} \\[6pt]
I've put in what seems to be necessary to fix
the current column of the current alignment.
Try to go on, since this might almost work.

! Extra }, or forgotten \endgroup.
<inserted text> }
 
l.68 	\frac
         {1}{A_{voc}} 		& -\frac{R_o}{A_{voc}} \\[6pt]
I've deleted a group-closing symbol because it seems to be
spurious, as in `$x}$'. But perhaps the } is legitimate and
you forgot something else, as in `\hbox{$x}'. In such cases
the way to recover is to insert both the forgotten and the
deleted material, e.g., by typing `I$}'.

! Missing } inserted.
<inserted text> 
}
l.68 	\frac
         {1}{A_{voc}} 		& -\frac{R_o}{A_{voc}} \\[6pt]
I've put in what seems to be necessary to fix
the current column of the current alignment.
Try to go on, since this might almost work.

! Extra }, or forgotten \endgroup.
<inserted text> }
 
l.68 	\frac
         {1}{A_{voc}} 		& -\frac{R_o}{A_{voc}} \\[6pt]
I've deleted a group-closing symbol because it seems to be
spurious, as in `$x}$'. But perhaps the } is legitimate and
you forgot something else, as in `\hbox{$x}'. In such cases
the way to recover is to insert both the forgotten and the
deleted material, e.g., by typing `I$}'.

! Missing } inserted.
<inserted text> 
}
l.68 	\frac
         {1}{A_{voc}} 		& -\frac{R_o}{A_{voc}} \\[6pt]
I've put in what seems to be necessary to fix
the current column of the current alignment.
Try to go on, since this might almost work.

! Extra }, or forgotten \endgroup.
<inserted text> }
 
l.68 	\frac
         {1}{A_{voc}} 		& -\frac{R_o}{A_{voc}} \\[6pt]
I've deleted a group-closing symbol because it seems to be
spurious, as in `$x}$'. But perhaps the } is legitimate and
you forgot something else, as in `\hbox{$x}'. In such cases
the way to recover is to insert both the forgotten and the
deleted material, e.g., by typing `I$}'.

! Missing } inserted.
<inserted text> 
}
l.68 	\frac
         {1}{A_{voc}} 		& -\frac{R_o}{A_{voc}} \\[6pt]
I've put in what seems to be necessary to fix
the current column of the current alignment.
Try to go on, since this might almost work.

! Extra }, or forgotten \endgroup.
<inserted text> }
 
l.68 	\frac
         {1}{A_{voc}} 		& -\frac{R_o}{A_{voc}} \\[6pt]
I've deleted a group-closing symbol because it seems to be
spurious, as in `$x}$'. But perhaps the } is legitimate and
you forgot something else, as in `\hbox{$x}'. In such cases
the way to recover is to insert both the forgotten and the
deleted material, e.g., by typing `I$}'.

! Missing } inserted.
<inserted text> 
}
l.68 	\frac
         {1}{A_{voc}} 		& -\frac{R_o}{A_{voc}} \\[6pt]
I've put in what seems to be necessary to fix
the current column of the current alignment.
Try to go on, since this might almost work.

! Extra }, or forgotten \endgroup.
<inserted text> }
 
l.68 	\frac
         {1}{A_{voc}} 		& -\frac{R_o}{A_{voc}} \\[6pt]
I've deleted a group-closing symbol because it seems to be
spurious, as in `$x}$'. But perhaps the } is legitimate and
you forgot something else, as in `\hbox{$x}'. In such cases
the way to recover is to insert both the forgotten and the
deleted material, e.g., by typing `I$}'.

! Missing } inserted.
<inserted text> 
}
l.68 	\frac
         {1}{A_{voc}} 		& -\frac{R_o}{A_{voc}} \\[6pt]
I've put in what seems to be necessary to fix
the current column of the current alignment.
Try to go on, since this might almost work.

! Extra }, or forgotten \endgroup.
<inserted text> }
 
l.68 	\frac
         {1}{A_{voc}} 		& -\frac{R_o}{A_{voc}} \\[6pt]
I've deleted a group-closing symbol because it seems to be
spurious, as in `$x}$'. But perhaps the } is legitimate and
you forgot something else, as in `\hbox{$x}'. In such cases
the way to recover is to insert both the forgotten and the
deleted material, e.g., by typing `I$}'.

! Missing } inserted.
<inserted text> 
}
l.68 	\frac
         {1}{A_{voc}} 		& -\frac{R_o}{A_{voc}} \\[6pt]
I've put in what seems to be necessary to fix
the current column of the current alignment.
Try to go on, since this might almost work.

! Extra }, or forgotten \endgroup.
<inserted text> }
 
l.68 	\frac
         {1}{A_{voc}} 		& -\frac{R_o}{A_{voc}} \\[6pt]
I've deleted a group-closing symbol because it seems to be
spurious, as in `$x}$'. But perhaps the } is legitimate and
you forgot something else, as in `\hbox{$x}'. In such cases
the way to recover is to insert both the forgotten and the
deleted material, e.g., by typing `I$}'.

! Missing } inserted.
<inserted text> 
}
l.68 	\frac
         {1}{A_{voc}} 		& -\frac{R_o}{A_{voc}} \\[6pt]
I've put in what seems to be necessary to fix
the current column of the current alignment.
Try to go on, since this might almost work.

! Extra }, or forgotten \endgroup.
<inserted text> }
 
l.68 	\frac
         {1}{A_{voc}} 		& -\frac{R_o}{A_{voc}} \\[6pt]
I've deleted a group-closing symbol because it seems to be
spurious, as in `$x}$'. But perhaps the } is legitimate and
you forgot something else, as in `\hbox{$x}'. In such cases
the way to recover is to insert both the forgotten and the
deleted material, e.g., by typing `I$}'.

! Missing } inserted.
<inserted text> 
}
l.68 	\frac
         {1}{A_{voc}} 		& -\frac{R_o}{A_{voc}} \\[6pt]
I've put in what seems to be necessary to fix
the current column of the current alignment.
Try to go on, since this might almost work.

! Extra }, or forgotten \endgroup.
<inserted text> }
 
l.68 	\frac
         {1}{A_{voc}} 		& -\frac{R_o}{A_{voc}} \\[6pt]
I've deleted a group-closing symbol because it seems to be
spurious, as in `$x}$'. But perhaps the } is legitimate and
you forgot something else, as in `\hbox{$x}'. In such cases
the way to recover is to insert both the forgotten and the
deleted material, e.g., by typing `I$}'.

! Missing } inserted.
<inserted text> 
}
l.68 	\frac
         {1}{A_{voc}} 		& -\frac{R_o}{A_{voc}} \\[6pt]
I've put in what seems to be necessary to fix
the current column of the current alignment.
Try to go on, since this might almost work.

! Extra }, or forgotten \endgroup.
<inserted text> }
 
l.68 	\frac
         {1}{A_{voc}} 		& -\frac{R_o}{A_{voc}} \\[6pt]
I've deleted a group-closing symbol because it seems to be
spurious, as in `$x}$'. But perhaps the } is legitimate and
you forgot something else, as in `\hbox{$x}'. In such cases
the way to recover is to insert both the forgotten and the
deleted material, e.g., by typing `I$}'.

! Missing } inserted.
<inserted text> 
}
l.68 	\frac
         {1}{A_{voc}} 		& -\frac{R_o}{A_{voc}} \\[6pt]
I've put in what seems to be necessary to fix
the current column of the current alignment.
Try to go on, since this might almost work.

! Extra }, or forgotten \endgroup.
<inserted text> }
 
l.68 	\frac
         {1}{A_{voc}} 		& -\frac{R_o}{A_{voc}} \\[6pt]
I've deleted a group-closing symbol because it seems to be
spurious, as in `$x}$'. But perhaps the } is legitimate and
you forgot something else, as in `\hbox{$x}'. In such cases
the way to recover is to insert both the forgotten and the
deleted material, e.g., by typing `I$}'.

! Missing } inserted.
<inserted text> 
}
l.68 	\frac
         {1}{A_{voc}} 		& -\frac{R_o}{A_{voc}} \\[6pt]
I've put in what seems to be necessary to fix
the current column of the current alignment.
Try to go on, since this might almost work.

! Extra }, or forgotten \endgroup.
<inserted text> }
 
l.68 	\frac
         {1}{A_{voc}} 		& -\frac{R_o}{A_{voc}} \\[6pt]
I've deleted a group-closing symbol because it seems to be
spurious, as in `$x}$'. But perhaps the } is legitimate and
you forgot something else, as in `\hbox{$x}'. In such cases
the way to recover is to insert both the forgotten and the
deleted material, e.g., by typing `I$}'.

! Missing } inserted.
<inserted text> 
}
l.68 	\frac
         {1}{A_{voc}} 		& -\frac{R_o}{A_{voc}} \\[6pt]
I've put in what seems to be necessary to fix
the current column of the current alignment.
Try to go on, since this might almost work.

! Extra }, or forgotten \endgroup.
<inserted text> }
 
l.68 	\frac
         {1}{A_{voc}} 		& -\frac{R_o}{A_{voc}} \\[6pt]
I've deleted a group-closing symbol because it seems to be
spurious, as in `$x}$'. But perhaps the } is legitimate and
you forgot something else, as in `\hbox{$x}'. In such cases
the way to recover is to insert both the forgotten and the
deleted material, e.g., by typing `I$}'.

! Missing } inserted.
<inserted text> 
}
l.68 	\frac
         {1}{A_{voc}} 		& -\frac{R_o}{A_{voc}} \\[6pt]
I've put in what seems to be necessary to fix
the current column of the current alignment.
Try to go on, since this might almost work.

! Extra }, or forgotten \endgroup.
<inserted text> }
 
l.68 	\frac
         {1}{A_{voc}} 		& -\frac{R_o}{A_{voc}} \\[6pt]
I've deleted a group-closing symbol because it seems to be
spurious, as in `$x}$'. But perhaps the } is legitimate and
you forgot something else, as in `\hbox{$x}'. In such cases
the way to recover is to insert both the forgotten and the
deleted material, e.g., by typing `I$}'.

! Missing } inserted.
<inserted text> 
}
l.68 	\frac
         {1}{A_{voc}} 		& -\frac{R_o}{A_{voc}} \\[6pt]
I've put in what seems to be necessary to fix
the current column of the current alignment.
Try to go on, since this might almost work.

! Extra }, or forgotten \endgroup.
<inserted text> }
 
l.68 	\frac
         {1}{A_{voc}} 		& -\frac{R_o}{A_{voc}} \\[6pt]
I've deleted a group-closing symbol because it seems to be
spurious, as in `$x}$'. But perhaps the } is legitimate and
you forgot something else, as in `\hbox{$x}'. In such cases
the way to recover is to insert both the forgotten and the
deleted material, e.g., by typing `I$}'.

! Missing } inserted.
<inserted text> 
}
l.68 	\frac
         {1}{A_{voc}} 		& -\frac{R_o}{A_{voc}} \\[6pt]
I've put in what seems to be necessary to fix
the current column of the current alignment.
Try to go on, since this might almost work.

! Extra }, or forgotten \endgroup.
<inserted text> }
 
l.68 	\frac
         {1}{A_{voc}} 		& -\frac{R_o}{A_{voc}} \\[6pt]
I've deleted a group-closing symbol because it seems to be
spurious, as in `$x}$'. But perhaps the } is legitimate and
you forgot something else, as in `\hbox{$x}'. In such cases
the way to recover is to insert both the forgotten and the
deleted material, e.g., by typing `I$}'.

! Missing } inserted.
<inserted text> 
}
l.68 	\frac
         {1}{A_{voc}} 		& -\frac{R_o}{A_{voc}} \\[6pt]
I've put in what seems to be necessary to fix
the current column of the current alignment.
Try to go on, since this might almost work.

! Extra }, or forgotten \endgroup.
<inserted text> }
 
l.68 	\frac
         {1}{A_{voc}} 		& -\frac{R_o}{A_{voc}} \\[6pt]
I've deleted a group-closing symbol because it seems to be
spurious, as in `$x}$'. But perhaps the } is legitimate and
you forgot something else, as in `\hbox{$x}'. In such cases
the way to recover is to insert both the forgotten and the
deleted material, e.g., by typing `I$}'.

! Missing } inserted.
<inserted text> 
}
l.68 	\frac
         {1}{A_{voc}} 		& -\frac{R_o}{A_{voc}} \\[6pt]
I've put in what seems to be necessary to fix
the current column of the current alignment.
Try to go on, since this might almost work.

! Extra }, or forgotten \endgroup.
<inserted text> }
 
l.68 	\frac
         {1}{A_{voc}} 		& -\frac{R_o}{A_{voc}} \\[6pt]
I've deleted a group-closing symbol because it seems to be
spurious, as in `$x}$'. But perhaps the } is legitimate and
you forgot something else, as in `\hbox{$x}'. In such cases
the way to recover is to insert both the forgotten and the
deleted material, e.g., by typing `I$}'.

! Missing } inserted.
<inserted text> 
}
l.68 	\frac
         {1}{A_{voc}} 		& -\frac{R_o}{A_{voc}} \\[6pt]
I've put in what seems to be necessary to fix
the current column of the current alignment.
Try to go on, since this might almost work.

! Extra }, or forgotten \endgroup.
<inserted text> }
 
l.68 	\frac
         {1}{A_{voc}} 		& -\frac{R_o}{A_{voc}} \\[6pt]
I've deleted a group-closing symbol because it seems to be
spurious, as in `$x}$'. But perhaps the } is legitimate and
you forgot something else, as in `\hbox{$x}'. In such cases
the way to recover is to insert both the forgotten and the
deleted material, e.g., by typing `I$}'.

! Missing } inserted.
<inserted text> 
}
l.68 	\frac
         {1}{A_{voc}} 		& -\frac{R_o}{A_{voc}} \\[6pt]
I've put in what seems to be necessary to fix
the current column of the current alignment.
Try to go on, since this might almost work.

! Extra }, or forgotten \endgroup.
<inserted text> }
 
l.68 	\frac
         {1}{A_{voc}} 		& -\frac{R_o}{A_{voc}} \\[6pt]
(That makes 100 errors; please try again.)

Here is how much of LuaTeX's memory you used:
 42 strings out of 495118
 100000,89155 words of node,token memory allocated
 6215 words of node memory still in use:
   150 hlist, 6 vlist, 2 rule, 6 local_par, 5 dir, 31 math, 276 glue, 22 kern, 5
1 penalty, 2 unset, 9 noad, 3 fence, 5 math_char, 3 sub_box, 3 sub_mlist, 3 deli
m, 315 glyph, 2 align_record, 32 glue_spec, 10 temp, 1 align_stack, 1 shape node
s
   avail lists: 2:3,3:51,4:12,5:2,6:1,7:1,8:48,9:3,10:14
 3697 multiletter control sequences out of 65536+200000
 25 fonts using 736311 bytes
 18i,10n,12p,87b,133s stack positions out of 5000i,500n,10000p,200000b,50000s
!  ==> Fatal error occurred, no output PDF file produced!
